<?xml version="1.0" encoding="UTF-8"?>
<coverage generated="1575317492423" clover="3.2.0">
  <project timestamp="1575317492423" name="All files">
    <metrics statements="322" coveredstatements="246" conditionals="73" coveredconditionals="44" methods="144" coveredmethods="90" elements="539" coveredelements="380" complexity="0" loc="322" ncloc="322" packages="23" files="51" classes="51"/>
    <package name="app">
      <metrics statements="24" coveredstatements="24" conditionals="6" coveredconditionals="6" methods="5" coveredmethods="5"/>
      <file name="app.js" path="/Users/mac/wednesday/buildops/react-graphql-template/app/app.js">
        <metrics statements="4" coveredstatements="4" conditionals="0" coveredconditionals="0" methods="1" coveredmethods="1"/>
        <line num="12" count="1" type="stmt"/>
        <line num="14" count="1" type="stmt"/>
        <line num="16" count="1" type="stmt"/>
        <line num="17" count="1" type="stmt"/>
      </file>
      <file name="aws-exports.js" path="/Users/mac/wednesday/buildops/react-graphql-template/app/aws-exports.js">
        <metrics statements="1" coveredstatements="1" conditionals="0" coveredconditionals="0" methods="0" coveredmethods="0"/>
        <line num="3" count="1" type="stmt"/>
      </file>
      <file name="i18n.js" path="/Users/mac/wednesday/buildops/react-graphql-template/app/i18n.js">
        <metrics statements="13" coveredstatements="13" conditionals="6" coveredconditionals="6" methods="2" coveredmethods="2"/>
        <line num="10" count="16" type="stmt"/>
        <line num="12" count="16" type="stmt"/>
        <line num="14" count="16" type="stmt"/>
        <line num="16" count="16" type="stmt"/>
        <line num="18" count="16" type="stmt"/>
        <line num="21" count="16" type="stmt"/>
        <line num="25" count="16" type="stmt"/>
        <line num="27" count="19" type="cond" truecount="2" falsecount="0"/>
        <line num="30" count="19" type="stmt"/>
        <line num="32" count="277" type="cond" truecount="4" falsecount="0"/>
        <line num="35" count="277" type="stmt"/>
        <line num="37" count="19" type="stmt"/>
        <line num="40" count="16" type="stmt"/>
      </file>
      <file name="rootReducer.js" path="/Users/mac/wednesday/buildops/react-graphql-template/app/rootReducer.js">
        <metrics statements="2" coveredstatements="2" conditionals="0" coveredconditionals="0" methods="1" coveredmethods="1"/>
        <line num="9" count="6" type="stmt"/>
        <line num="15" count="6" type="stmt"/>
      </file>
      <file name="rootSaga.js" path="/Users/mac/wednesday/buildops/react-graphql-template/app/rootSaga.js">
        <metrics statements="4" coveredstatements="4" conditionals="0" coveredconditionals="0" methods="1" coveredmethods="1"/>
        <line num="8" count="6" type="stmt"/>
        <line num="9" count="6" type="stmt"/>
        <line num="10" count="6" type="stmt"/>
        <line num="11" count="6" type="stmt"/>
      </file>
    </package>
    <package name="app.assets.images">
      <metrics statements="1" coveredstatements="1" conditionals="0" coveredconditionals="0" methods="0" coveredmethods="0"/>
      <file name="velotio_logo.png" path="/Users/mac/wednesday/buildops/react-graphql-template/app/assets/images/velotio_logo.png">
        <metrics statements="1" coveredstatements="1" conditionals="0" coveredconditionals="0" methods="0" coveredmethods="0"/>
        <line num="1" count="16" type="stmt"/>
      </file>
    </package>
    <package name="app.components.AppBar">
      <metrics statements="10" coveredstatements="10" conditionals="2" coveredconditionals="2" methods="5" coveredmethods="5"/>
      <file name="index.js" path="/Users/mac/wednesday/buildops/react-graphql-template/app/components/AppBar/index.js">
        <metrics statements="10" coveredstatements="10" conditionals="2" coveredconditionals="2" methods="5" coveredmethods="5"/>
        <line num="16" count="6" type="cond" truecount="1" falsecount="0"/>
        <line num="17" count="4" type="stmt"/>
        <line num="29" count="6" type="cond" truecount="1" falsecount="0"/>
        <line num="30" count="2" type="stmt"/>
        <line num="43" count="8" type="stmt"/>
        <line num="44" count="16" type="stmt"/>
        <line num="49" count="11" type="stmt"/>
        <line num="54" count="8" type="stmt"/>
        <line num="63" count="6" type="stmt"/>
        <line num="69" count="6" type="stmt"/>
      </file>
    </package>
    <package name="app.components.Container">
      <metrics statements="3" coveredstatements="3" conditionals="0" coveredconditionals="0" methods="1" coveredmethods="1"/>
      <file name="index.js" path="/Users/mac/wednesday/buildops/react-graphql-template/app/components/Container/index.js">
        <metrics statements="3" coveredstatements="3" conditionals="0" coveredconditionals="0" methods="1" coveredmethods="1"/>
        <line num="11" count="9" type="stmt"/>
        <line num="14" count="11" type="stmt"/>
        <line num="16" count="9" type="stmt"/>
      </file>
    </package>
    <package name="app.components.Divider">
      <metrics statements="3" coveredstatements="3" conditionals="2" coveredconditionals="2" methods="1" coveredmethods="1"/>
      <file name="index.js" path="/Users/mac/wednesday/buildops/react-graphql-template/app/components/Divider/index.js">
        <metrics statements="3" coveredstatements="3" conditionals="2" coveredconditionals="2" methods="1" coveredmethods="1"/>
        <line num="13" count="11" type="stmt"/>
        <line num="16" count="11" type="stmt"/>
        <line num="19" count="5" type="stmt"/>
      </file>
    </package>
    <package name="app.components.EmployeeDetails">
      <metrics statements="12" coveredstatements="8" conditionals="0" coveredconditionals="0" methods="7" coveredmethods="2"/>
      <file name="index.js" path="/Users/mac/wednesday/buildops/react-graphql-template/app/components/EmployeeDetails/index.js">
        <metrics statements="12" coveredstatements="8" conditionals="0" coveredconditionals="0" methods="7" coveredmethods="2"/>
        <line num="33" count="2" type="stmt"/>
        <line num="34" count="0" type="stmt"/>
        <line num="44" count="2" type="stmt"/>
        <line num="45" count="0" type="stmt"/>
        <line num="51" count="2" type="stmt"/>
        <line num="52" count="2" type="stmt"/>
        <line num="56" count="0" type="stmt"/>
        <line num="64" count="0" type="stmt"/>
        <line num="68" count="2" type="stmt"/>
        <line num="105" count="2" type="stmt"/>
        <line num="110" count="2" type="stmt"/>
        <line num="138" count="2" type="stmt"/>
      </file>
    </package>
    <package name="app.components.For">
      <metrics statements="7" coveredstatements="7" conditionals="7" coveredconditionals="7" methods="4" coveredmethods="4"/>
      <file name="index.js" path="/Users/mac/wednesday/buildops/react-graphql-template/app/components/For/index.js">
        <metrics statements="7" coveredstatements="7" conditionals="7" coveredconditionals="7" methods="4" coveredmethods="4"/>
        <line num="21" count="18" type="stmt"/>
        <line num="22" count="18" type="stmt"/>
        <line num="23" count="13" type="stmt"/>
        <line num="24" count="18" type="stmt"/>
        <line num="25" count="11" type="stmt"/>
        <line num="27" count="18" type="cond" truecount="4" falsecount="0"/>
        <line num="30" count="7" type="stmt"/>
      </file>
    </package>
    <package name="app.components.If">
      <metrics statements="3" coveredstatements="3" conditionals="2" coveredconditionals="2" methods="1" coveredmethods="1"/>
      <file name="index.js" path="/Users/mac/wednesday/buildops/react-graphql-template/app/components/If/index.js">
        <metrics statements="3" coveredstatements="3" conditionals="2" coveredconditionals="2" methods="1" coveredmethods="1"/>
        <line num="10" count="14" type="cond" truecount="2" falsecount="0"/>
        <line num="13" count="7" type="stmt"/>
        <line num="24" count="7" type="stmt"/>
      </file>
    </package>
    <package name="app.components.LabelledText">
      <metrics statements="3" coveredstatements="3" conditionals="2" coveredconditionals="0" methods="1" coveredmethods="1"/>
      <file name="index.js" path="/Users/mac/wednesday/buildops/react-graphql-template/app/components/LabelledText/index.js">
        <metrics statements="3" coveredstatements="3" conditionals="2" coveredconditionals="0" methods="1" coveredmethods="1"/>
        <line num="17" count="6" type="stmt"/>
        <line num="26" count="3" type="stmt"/>
        <line num="32" count="3" type="stmt"/>
      </file>
    </package>
    <package name="app.components.ProgressPlaceholder">
      <metrics statements="3" coveredstatements="3" conditionals="0" coveredconditionals="0" methods="1" coveredmethods="1"/>
      <file name="index.js" path="/Users/mac/wednesday/buildops/react-graphql-template/app/components/ProgressPlaceholder/index.js">
        <metrics statements="3" coveredstatements="3" conditionals="0" coveredconditionals="0" methods="1" coveredmethods="1"/>
        <line num="17" count="4" type="stmt"/>
        <line num="29" count="3" type="stmt"/>
        <line num="41" count="3" type="stmt"/>
      </file>
    </package>
    <package name="app.components.SplashScreen">
      <metrics statements="7" coveredstatements="7" conditionals="0" coveredconditionals="0" methods="2" coveredmethods="2"/>
      <file name="index.js" path="/Users/mac/wednesday/buildops/react-graphql-template/app/components/SplashScreen/index.js">
        <metrics statements="7" coveredstatements="7" conditionals="0" coveredconditionals="0" methods="2" coveredmethods="2"/>
        <line num="8" count="2" type="stmt"/>
        <line num="14" count="2" type="stmt"/>
        <line num="22" count="2" type="stmt"/>
        <line num="23" count="2" type="stmt"/>
        <line num="24" count="1" type="stmt"/>
        <line num="27" count="2" type="stmt"/>
        <line num="34" count="2" type="stmt"/>
      </file>
    </package>
    <package name="app.components.T">
      <metrics statements="5" coveredstatements="5" conditionals="4" coveredconditionals="4" methods="1" coveredmethods="1"/>
      <file name="index.js" path="/Users/mac/wednesday/buildops/react-graphql-template/app/components/T/index.js">
        <metrics statements="5" coveredstatements="5" conditionals="4" coveredconditionals="4" methods="1" coveredmethods="1"/>
        <line num="15" count="8" type="cond" truecount="2" falsecount="0"/>
        <line num="16" count="18" type="stmt"/>
        <line num="22" count="18" type="cond" truecount="2" falsecount="0"/>
        <line num="23" count="18" type="stmt"/>
        <line num="30" count="8" type="stmt"/>
      </file>
    </package>
    <package name="app.components.TextInput">
      <metrics statements="3" coveredstatements="3" conditionals="3" coveredconditionals="3" methods="1" coveredmethods="1"/>
      <file name="index.js" path="/Users/mac/wednesday/buildops/react-graphql-template/app/components/TextInput/index.js">
        <metrics statements="3" coveredstatements="3" conditionals="3" coveredconditionals="3" methods="1" coveredmethods="1"/>
        <line num="18" count="4" type="stmt"/>
        <line num="24" count="4" type="stmt"/>
        <line num="27" count="3" type="stmt"/>
      </file>
    </package>
    <package name="app.containers.EditEmployeeDetailsScreen">
      <metrics statements="56" coveredstatements="22" conditionals="18" coveredconditionals="6" methods="24" coveredmethods="6"/>
      <file name="index.js" path="/Users/mac/wednesday/buildops/react-graphql-template/app/containers/EditEmployeeDetailsScreen/index.js">
        <metrics statements="35" coveredstatements="10" conditionals="10" coveredconditionals="2" methods="17" coveredmethods="1"/>
        <line num="36" count="1" type="stmt"/>
        <line num="38" count="1" type="stmt"/>
        <line num="39" count="0" type="stmt"/>
        <line num="40" count="0" type="cond" truecount="0" falsecount="2"/>
        <line num="42" count="0" type="stmt"/>
        <line num="43" count="0" type="cond" truecount="0" falsecount="2"/>
        <line num="44" count="0" type="stmt"/>
        <line num="46" count="0" type="stmt"/>
        <line num="48" count="0" type="stmt"/>
        <line num="50" count="1" type="stmt"/>
        <line num="51" count="0" type="stmt"/>
        <line num="52" count="0" type="stmt"/>
        <line num="53" count="0" type="stmt"/>
        <line num="58" count="0" type="stmt"/>
        <line num="63" count="0" type="stmt"/>
        <line num="68" count="0" type="stmt"/>
        <line num="73" count="0" type="stmt"/>
        <line num="78" count="0" type="stmt"/>
        <line num="85" count="1" type="stmt"/>
        <line num="86" count="0" type="stmt"/>
        <line num="90" count="0" type="stmt"/>
        <line num="95" count="1" type="stmt"/>
        <line num="109" count="0" type="stmt"/>
        <line num="114" count="0" type="stmt"/>
        <line num="144" count="0" type="cond" truecount="0" falsecount="2"/>
        <line num="145" count="0" type="stmt"/>
        <line num="147" count="0" type="stmt"/>
        <line num="159" count="2" type="stmt"/>
        <line num="187" count="2" type="stmt"/>
        <line num="195" count="2" type="stmt"/>
        <line num="200" count="0" type="stmt"/>
        <line num="202" count="0" type="stmt"/>
        <line num="204" count="0" type="stmt"/>
        <line num="208" count="2" type="stmt"/>
        <line num="212" count="2" type="stmt"/>
      </file>
      <file name="reducer.js" path="/Users/mac/wednesday/buildops/react-graphql-template/app/containers/EditEmployeeDetailsScreen/reducer.js">
        <metrics statements="8" coveredstatements="6" conditionals="4" coveredconditionals="2" methods="2" coveredmethods="2"/>
        <line num="10" count="16" type="stmt"/>
        <line num="15" count="16" type="stmt"/>
        <line num="25" count="16" type="stmt"/>
        <line num="29" count="28" type="stmt"/>
        <line num="30" count="28" type="cond" truecount="1" falsecount="2"/>
        <line num="32" count="0" type="stmt"/>
        <line num="34" count="0" type="stmt"/>
        <line num="36" count="28" type="stmt"/>
      </file>
      <file name="saga.js" path="/Users/mac/wednesday/buildops/react-graphql-template/app/containers/EditEmployeeDetailsScreen/saga.js">
        <metrics statements="9" coveredstatements="2" conditionals="2" coveredconditionals="0" methods="2" coveredmethods="1"/>
        <line num="9" count="14" type="stmt"/>
        <line num="12" count="0" type="stmt"/>
        <line num="18" count="0" type="cond" truecount="0" falsecount="2"/>
        <line num="19" count="0" type="stmt"/>
        <line num="20" count="0" type="stmt"/>
        <line num="22" count="0" type="stmt"/>
        <line num="30" count="0" type="stmt"/>
        <line num="32" count="0" type="stmt"/>
        <line num="41" count="7" type="stmt"/>
      </file>
      <file name="selectors.js" path="/Users/mac/wednesday/buildops/react-graphql-template/app/containers/EditEmployeeDetailsScreen/selectors.js">
        <metrics statements="4" coveredstatements="4" conditionals="2" coveredconditionals="2" methods="3" coveredmethods="2"/>
        <line num="8" count="3" type="stmt"/>
        <line num="9" count="1" type="cond" truecount="2" falsecount="0"/>
        <line num="19" count="3" type="stmt"/>
        <line num="20" count="2" type="stmt"/>
      </file>
    </package>
    <package name="app.containers.FileUploadScreen">
      <metrics statements="38" coveredstatements="25" conditionals="15" coveredconditionals="5" methods="14" coveredmethods="8"/>
      <file name="index.js" path="/Users/mac/wednesday/buildops/react-graphql-template/app/containers/FileUploadScreen/index.js">
        <metrics statements="18" coveredstatements="12" conditionals="6" coveredconditionals="2" methods="7" coveredmethods="3"/>
        <line num="25" count="1" type="stmt"/>
        <line num="26" count="1" type="stmt"/>
        <line num="28" count="1" type="stmt"/>
        <line num="29" count="1" type="stmt"/>
        <line num="31" count="1" type="stmt"/>
        <line num="34" count="1" type="stmt"/>
        <line num="35" count="0" type="cond" truecount="0" falsecount="2"/>
        <line num="36" count="0" type="stmt"/>
        <line num="38" count="0" type="cond" truecount="0" falsecount="2"/>
        <line num="40" count="1" type="stmt"/>
        <line num="53" count="0" type="stmt"/>
        <line num="66" count="2" type="stmt"/>
        <line num="72" count="2" type="stmt"/>
        <line num="77" count="0" type="stmt"/>
        <line num="79" count="0" type="stmt"/>
        <line num="83" count="2" type="stmt"/>
        <line num="85" count="2" type="stmt"/>
        <line num="91" count="2" type="stmt"/>
      </file>
      <file name="mockData.js" path="/Users/mac/wednesday/buildops/react-graphql-template/app/containers/FileUploadScreen/mockData.js">
        <metrics statements="1" coveredstatements="1" conditionals="0" coveredconditionals="0" methods="0" coveredmethods="0"/>
        <line num="2" count="14" type="stmt"/>
      </file>
      <file name="reducer.js" path="/Users/mac/wednesday/buildops/react-graphql-template/app/containers/FileUploadScreen/reducer.js">
        <metrics statements="9" coveredstatements="6" conditionals="5" coveredconditionals="2" methods="2" coveredmethods="2"/>
        <line num="10" count="16" type="stmt"/>
        <line num="17" count="16" type="stmt"/>
        <line num="24" count="16" type="cond" truecount="1" falsecount="0"/>
        <line num="25" count="28" type="stmt"/>
        <line num="26" count="28" type="cond" truecount="1" falsecount="3"/>
        <line num="28" count="0" type="stmt"/>
        <line num="32" count="0" type="stmt"/>
        <line num="37" count="0" type="stmt"/>
        <line num="42" count="28" type="stmt"/>
      </file>
      <file name="saga.js" path="/Users/mac/wednesday/buildops/react-graphql-template/app/containers/FileUploadScreen/saga.js">
        <metrics statements="6" coveredstatements="2" conditionals="2" coveredconditionals="0" methods="2" coveredmethods="1"/>
        <line num="7" count="14" type="stmt"/>
        <line num="10" count="0" type="stmt"/>
        <line num="14" count="0" type="cond" truecount="0" falsecount="2"/>
        <line num="15" count="0" type="stmt"/>
        <line num="17" count="0" type="stmt"/>
        <line num="22" count="7" type="stmt"/>
      </file>
      <file name="selectors.js" path="/Users/mac/wednesday/buildops/react-graphql-template/app/containers/FileUploadScreen/selectors.js">
        <metrics statements="4" coveredstatements="4" conditionals="2" coveredconditionals="1" methods="3" coveredmethods="2"/>
        <line num="8" count="3" type="stmt"/>
        <line num="9" count="1" type="cond" truecount="1" falsecount="1"/>
        <line num="19" count="3" type="stmt"/>
        <line num="20" count="2" type="stmt"/>
      </file>
    </package>
    <package name="app.containers.HomeScreen">
      <metrics statements="46" coveredstatements="34" conditionals="8" coveredconditionals="3" methods="22" coveredmethods="14"/>
      <file name="index.js" path="/Users/mac/wednesday/buildops/react-graphql-template/app/containers/HomeScreen/index.js">
        <metrics statements="17" coveredstatements="14" conditionals="0" coveredconditionals="0" methods="9" coveredmethods="4"/>
        <line num="33" count="2" type="stmt"/>
        <line num="34" count="2" type="stmt"/>
        <line num="36" count="2" type="stmt"/>
        <line num="39" count="2" type="stmt"/>
        <line num="40" count="0" type="stmt"/>
        <line num="42" count="2" type="stmt"/>
        <line num="43" count="0" type="stmt"/>
        <line num="56" count="2" type="stmt"/>
        <line num="80" count="2" type="stmt"/>
        <line num="89" count="2" type="stmt"/>
        <line num="96" count="2" type="stmt"/>
        <line num="102" count="2" type="stmt"/>
        <line num="103" count="0" type="stmt"/>
        <line num="106" count="2" type="stmt"/>
        <line num="108" count="2" type="stmt"/>
        <line num="109" count="2" type="stmt"/>
        <line num="111" count="2" type="stmt"/>
      </file>
      <file name="reducer.js" path="/Users/mac/wednesday/buildops/react-graphql-template/app/containers/HomeScreen/reducer.js">
        <metrics statements="12" coveredstatements="8" conditionals="4" coveredconditionals="2" methods="4" coveredmethods="2"/>
        <line num="8" count="17" type="stmt"/>
        <line num="15" count="17" type="stmt"/>
        <line num="21" count="17" type="stmt"/>
        <line num="22" count="0" type="stmt"/>
        <line num="27" count="17" type="stmt"/>
        <line num="28" count="0" type="stmt"/>
        <line num="36" count="17" type="cond" truecount="1" falsecount="0"/>
        <line num="37" count="27" type="stmt"/>
        <line num="38" count="27" type="cond" truecount="1" falsecount="2"/>
        <line num="40" count="0" type="stmt"/>
        <line num="42" count="0" type="stmt"/>
        <line num="44" count="27" type="stmt"/>
      </file>
      <file name="saga.js" path="/Users/mac/wednesday/buildops/react-graphql-template/app/containers/HomeScreen/saga.js">
        <metrics statements="6" coveredstatements="1" conditionals="2" coveredconditionals="0" methods="2" coveredmethods="1"/>
        <line num="7" count="0" type="stmt"/>
        <line num="9" count="0" type="cond" truecount="0" falsecount="2"/>
        <line num="14" count="0" type="stmt"/>
        <line num="15" count="0" type="stmt"/>
        <line num="17" count="0" type="stmt"/>
        <line num="26" count="7" type="stmt"/>
      </file>
      <file name="selectors.js" path="/Users/mac/wednesday/buildops/react-graphql-template/app/containers/HomeScreen/selectors.js">
        <metrics statements="11" coveredstatements="11" conditionals="2" coveredconditionals="1" methods="7" coveredmethods="7"/>
        <line num="5" count="3" type="stmt"/>
        <line num="6" count="3" type="cond" truecount="1" falsecount="1"/>
        <line num="8" count="3" type="stmt"/>
        <line num="9" count="3" type="stmt"/>
        <line num="10" count="1" type="stmt"/>
        <line num="13" count="3" type="stmt"/>
        <line num="14" count="3" type="stmt"/>
        <line num="15" count="1" type="stmt"/>
        <line num="18" count="3" type="stmt"/>
        <line num="19" count="3" type="stmt"/>
        <line num="20" count="1" type="stmt"/>
      </file>
    </package>
    <package name="app.containers.LanguageProvider">
      <metrics statements="15" coveredstatements="15" conditionals="4" coveredconditionals="4" methods="9" coveredmethods="9"/>
      <file name="actions.js" path="/Users/mac/wednesday/buildops/react-graphql-template/app/containers/LanguageProvider/actions.js">
        <metrics statements="1" coveredstatements="1" conditionals="0" coveredconditionals="0" methods="1" coveredmethods="1"/>
        <line num="10" count="1" type="stmt"/>
      </file>
      <file name="constants.js" path="/Users/mac/wednesday/buildops/react-graphql-template/app/containers/LanguageProvider/constants.js">
        <metrics statements="1" coveredstatements="1" conditionals="0" coveredconditionals="0" methods="0" coveredmethods="0"/>
        <line num="7" count="16" type="stmt"/>
      </file>
      <file name="index.js" path="/Users/mac/wednesday/buildops/react-graphql-template/app/containers/LanguageProvider/index.js">
        <metrics statements="4" coveredstatements="4" conditionals="0" coveredconditionals="0" methods="3" coveredmethods="3"/>
        <line num="18" count="7" type="stmt"/>
        <line num="29" count="13" type="stmt"/>
        <line num="35" count="13" type="stmt"/>
        <line num="40" count="6" type="stmt"/>
      </file>
      <file name="reducer.js" path="/Users/mac/wednesday/buildops/react-graphql-template/app/containers/LanguageProvider/reducer.js">
        <metrics statements="6" coveredstatements="6" conditionals="2" coveredconditionals="2" methods="2" coveredmethods="2"/>
        <line num="11" count="15" type="stmt"/>
        <line num="16" count="15" type="cond" truecount="1" falsecount="0"/>
        <line num="17" count="2" type="stmt"/>
        <line num="18" count="2" type="cond" truecount="1" falsecount="0"/>
        <line num="20" count="1" type="stmt"/>
        <line num="21" count="1" type="stmt"/>
      </file>
      <file name="selectors.js" path="/Users/mac/wednesday/buildops/react-graphql-template/app/containers/LanguageProvider/selectors.js">
        <metrics statements="3" coveredstatements="3" conditionals="2" coveredconditionals="2" methods="3" coveredmethods="3"/>
        <line num="7" count="14" type="cond" truecount="2" falsecount="0"/>
        <line num="13" count="14" type="stmt"/>
        <line num="14" count="13" type="stmt"/>
      </file>
    </package>
    <package name="app.containers.RootScreen">
      <metrics statements="12" coveredstatements="11" conditionals="0" coveredconditionals="0" methods="7" coveredmethods="7"/>
      <file name="index.js" path="/Users/mac/wednesday/buildops/react-graphql-template/app/containers/RootScreen/index.js">
        <metrics statements="8" coveredstatements="8" conditionals="0" coveredconditionals="0" methods="5" coveredmethods="5"/>
        <line num="12" count="1" type="stmt"/>
        <line num="15" count="1" type="stmt"/>
        <line num="16" count="1" type="stmt"/>
        <line num="20" count="1" type="stmt"/>
        <line num="31" count="1" type="stmt"/>
        <line num="34" count="1" type="stmt"/>
        <line num="35" count="1" type="stmt"/>
        <line num="38" count="1" type="stmt"/>
      </file>
      <file name="reducer.js" path="/Users/mac/wednesday/buildops/react-graphql-template/app/containers/RootScreen/reducer.js">
        <metrics statements="1" coveredstatements="1" conditionals="0" coveredconditionals="0" methods="0" coveredmethods="0"/>
        <line num="3" count="13" type="stmt"/>
      </file>
      <file name="saga.js" path="/Users/mac/wednesday/buildops/react-graphql-template/app/containers/RootScreen/saga.js">
        <metrics statements="3" coveredstatements="2" conditionals="0" coveredconditionals="0" methods="2" coveredmethods="2"/>
        <line num="12" count="1" type="stmt"/>
        <line num="13" count="0" type="stmt"/>
        <line num="17" count="6" type="stmt"/>
      </file>
    </package>
    <package name="app.graphql">
      <metrics statements="15" coveredstatements="15" conditionals="0" coveredconditionals="0" methods="0" coveredmethods="0"/>
      <file name="mutations.js" path="/Users/mac/wednesday/buildops/react-graphql-template/app/graphql/mutations.js">
        <metrics statements="9" coveredstatements="9" conditionals="0" coveredconditionals="0" methods="0" coveredmethods="0"/>
        <line num="4" count="15" type="stmt"/>
        <line num="18" count="15" type="stmt"/>
        <line num="32" count="15" type="stmt"/>
        <line num="46" count="15" type="stmt"/>
        <line num="62" count="15" type="stmt"/>
        <line num="78" count="15" type="stmt"/>
        <line num="94" count="15" type="stmt"/>
        <line num="106" count="15" type="stmt"/>
        <line num="118" count="15" type="stmt"/>
      </file>
      <file name="queries.js" path="/Users/mac/wednesday/buildops/react-graphql-template/app/graphql/queries.js">
        <metrics statements="6" coveredstatements="6" conditionals="0" coveredconditionals="0" methods="0" coveredmethods="0"/>
        <line num="4" count="15" type="stmt"/>
        <line num="18" count="15" type="stmt"/>
        <line num="33" count="15" type="stmt"/>
        <line num="49" count="15" type="stmt"/>
        <line num="67" count="15" type="stmt"/>
        <line num="79" count="15" type="stmt"/>
      </file>
    </package>
    <package name="app.navigators">
      <metrics statements="5" coveredstatements="3" conditionals="0" coveredconditionals="0" methods="3" coveredmethods="1"/>
      <file name="AppNavigator.js" path="/Users/mac/wednesday/buildops/react-graphql-template/app/navigators/AppNavigator.js">
        <metrics statements="5" coveredstatements="3" conditionals="0" coveredconditionals="0" methods="3" coveredmethods="1"/>
        <line num="16" count="1" type="stmt"/>
        <line num="29" count="1" type="stmt"/>
        <line num="35" count="1" type="stmt"/>
        <line num="40" count="0" type="stmt"/>
        <line num="45" count="0" type="stmt"/>
      </file>
    </package>
    <package name="app.services">
      <metrics statements="13" coveredstatements="4" conditionals="0" coveredconditionals="0" methods="11" coveredmethods="1"/>
      <file name="NavigationService.js" path="/Users/mac/wednesday/buildops/react-graphql-template/app/services/NavigationService.js">
        <metrics statements="5" coveredstatements="1" conditionals="0" coveredconditionals="0" methods="5" coveredmethods="1"/>
        <line num="19" count="2" type="stmt"/>
        <line num="29" count="0" type="stmt"/>
        <line num="47" count="0" type="stmt"/>
        <line num="62" count="0" type="stmt"/>
        <line num="66" count="0" type="stmt"/>
      </file>
      <file name="UserService.js" path="/Users/mac/wednesday/buildops/react-graphql-template/app/services/UserService.js">
        <metrics statements="8" coveredstatements="3" conditionals="0" coveredconditionals="0" methods="6" coveredmethods="0"/>
        <line num="5" count="15" type="stmt"/>
        <line num="6" count="0" type="stmt"/>
        <line num="10" count="15" type="stmt"/>
        <line num="11" count="0" type="stmt"/>
        <line num="13" count="0" type="stmt"/>
        <line num="15" count="15" type="stmt"/>
        <line num="16" count="0" type="stmt"/>
        <line num="17" count="0" type="stmt"/>
      </file>
    </package>
    <package name="app.themes">
      <metrics statements="12" coveredstatements="12" conditionals="0" coveredconditionals="0" methods="12" coveredmethods="11"/>
      <file name="colors.js" path="/Users/mac/wednesday/buildops/react-graphql-template/app/themes/colors.js">
        <metrics statements="0" coveredstatements="0" conditionals="0" coveredconditionals="0" methods="0" coveredmethods="0"/>
      </file>
      <file name="fonts.js" path="/Users/mac/wednesday/buildops/react-graphql-template/app/themes/fonts.js">
        <metrics statements="12" coveredstatements="12" conditionals="0" coveredconditionals="0" methods="12" coveredmethods="11"/>
        <line num="4" count="17" type="stmt"/>
        <line num="7" count="18" type="stmt"/>
        <line num="11" count="17" type="stmt"/>
        <line num="14" count="17" type="stmt"/>
        <line num="17" count="17" type="stmt"/>
        <line num="22" count="17" type="stmt"/>
        <line num="25" count="20" type="stmt"/>
        <line num="29" count="17" type="stmt"/>
        <line num="34" count="17" type="stmt"/>
        <line num="39" count="17" type="stmt"/>
        <line num="44" count="17" type="stmt"/>
        <line num="49" count="17" type="stmt"/>
      </file>
      <file name="images.js" path="/Users/mac/wednesday/buildops/react-graphql-template/app/themes/images.js">
        <metrics statements="0" coveredstatements="0" conditionals="0" coveredconditionals="0" methods="0" coveredmethods="0"/>
      </file>
      <file name="index.js" path="/Users/mac/wednesday/buildops/react-graphql-template/app/themes/index.js">
        <metrics statements="0" coveredstatements="0" conditionals="0" coveredconditionals="0" methods="0" coveredmethods="0"/>
      </file>
    </package>
    <package name="app.utils">
      <metrics statements="26" coveredstatements="25" conditionals="0" coveredconditionals="0" methods="12" coveredmethods="8"/>
      <file name="createStore.js" path="/Users/mac/wednesday/buildops/react-graphql-template/app/utils/createStore.js">
        <metrics statements="11" coveredstatements="11" conditionals="0" coveredconditionals="0" methods="1" coveredmethods="1"/>
        <line num="16" count="13" type="stmt"/>
        <line num="27" count="6" type="stmt"/>
        <line num="28" count="6" type="stmt"/>
        <line num="31" count="6" type="stmt"/>
        <line num="32" count="6" type="stmt"/>
        <line num="34" count="6" type="stmt"/>
        <line num="37" count="6" type="stmt"/>
        <line num="39" count="6" type="stmt"/>
        <line num="40" count="6" type="stmt"/>
        <line num="43" count="6" type="stmt"/>
        <line num="45" count="6" type="stmt"/>
      </file>
      <file name="index.js" path="/Users/mac/wednesday/buildops/react-graphql-template/app/utils/index.js">
        <metrics statements="7" coveredstatements="6" conditionals="0" coveredconditionals="0" methods="5" coveredmethods="4"/>
        <line num="3" count="15" type="stmt"/>
        <line num="4" count="0" type="stmt"/>
        <line num="7" count="15" type="stmt"/>
        <line num="9" count="21" type="stmt"/>
        <line num="19" count="18" type="stmt"/>
        <line num="28" count="15" type="stmt"/>
        <line num="35" count="15" type="stmt"/>
      </file>
      <file name="mockResponse.js" path="/Users/mac/wednesday/buildops/react-graphql-template/app/utils/mockResponse.js">
        <metrics statements="1" coveredstatements="1" conditionals="0" coveredconditionals="0" methods="1" coveredmethods="1"/>
        <line num="1" count="3" type="stmt"/>
      </file>
      <file name="testUtils.js" path="/Users/mac/wednesday/buildops/react-graphql-template/app/utils/testUtils.js">
        <metrics statements="7" coveredstatements="7" conditionals="0" coveredconditionals="0" methods="5" coveredmethods="2"/>
        <line num="9" count="11" type="stmt"/>
        <line num="11" count="11" type="stmt"/>
        <line num="16" count="11" type="stmt"/>
        <line num="17" count="4" type="stmt"/>
        <line num="18" count="4" type="stmt"/>
        <line num="27" count="11" type="stmt"/>
        <line num="28" count="15" type="stmt"/>
      </file>
    </package>
  </project>
</coverage>
