TN:
SF:/Users/mac/wednesday/buildops/react-graphql-template/app/app.js
FN:16,(anonymous_0)
FNF:1
FNH:1
FNDA:1,(anonymous_0)
DA:12,1
DA:14,1
DA:16,1
DA:17,1
LF:4
LH:4
BRF:0
BRH:0
end_of_record
TN:
SF:/Users/mac/wednesday/buildops/react-graphql-template/app/aws-exports.js
FNF:0
FNH:0
DA:3,1
LF:1
LH:1
BRF:0
BRH:0
end_of_record
TN:
SF:/Users/mac/wednesday/buildops/react-graphql-template/app/i18n.js
FN:25,(anonymous_0)
FN:30,(anonymous_1)
FNF:2
FNH:2
FNDA:19,(anonymous_0)
FNDA:277,(anonymous_1)
DA:10,16
DA:12,16
DA:14,16
DA:16,16
DA:18,16
DA:21,16
DA:25,16
DA:27,19
DA:30,19
DA:32,277
DA:35,277
DA:37,19
DA:40,16
LF:13
LH:13
BRDA:27,0,0,1
BRDA:27,0,1,18
BRDA:32,1,0,1
BRDA:32,1,1,276
BRDA:32,2,0,277
BRDA:32,2,1,1
BRF:6
BRH:6
end_of_record
TN:
SF:/Users/mac/wednesday/buildops/react-graphql-template/app/rootReducer.js
FN:8,(anonymous_0)
FNF:1
FNH:1
FNDA:6,(anonymous_0)
DA:9,6
DA:15,6
LF:2
LH:2
BRF:0
BRH:0
end_of_record
TN:
SF:/Users/mac/wednesday/buildops/react-graphql-template/app/rootSaga.js
FN:7,root
FNF:1
FNH:1
FNDA:6,root
DA:8,6
DA:9,6
DA:10,6
DA:11,6
LF:4
LH:4
BRF:0
BRH:0
end_of_record
TN:
SF:/Users/mac/wednesday/buildops/react-graphql-template/app/assets/images/velotio_logo.png
FNF:0
FNH:0
DA:1,16
LF:1
LH:1
BRF:0
BRH:0
end_of_record
TN:
SF:/Users/mac/wednesday/buildops/react-graphql-template/app/components/AppBar/index.js
FN:16,(anonymous_0)
FN:29,(anonymous_1)
FN:42,AppBar
FN:43,(anonymous_3)
FN:48,(anonymous_4)
FNF:5
FNH:5
FNDA:4,(anonymous_0)
FNDA:2,(anonymous_1)
FNDA:8,AppBar
FNDA:16,(anonymous_3)
FNDA:11,(anonymous_4)
DA:16,6
DA:17,4
DA:29,6
DA:30,2
DA:43,8
DA:44,16
DA:49,11
DA:54,8
DA:63,6
DA:69,6
LF:10
LH:10
BRDA:16,0,0,1
BRDA:29,1,0,2
BRF:2
BRH:2
end_of_record
TN:
SF:/Users/mac/wednesday/buildops/react-graphql-template/app/components/Container/index.js
FN:14,(anonymous_0)
FNF:1
FNH:1
FNDA:11,(anonymous_0)
DA:11,9
DA:14,11
DA:16,9
LF:3
LH:3
BRF:0
BRH:0
end_of_record
TN:
SF:/Users/mac/wednesday/buildops/react-graphql-template/app/components/Divider/index.js
FN:12,Divider
FNF:1
FNH:1
FNDA:11,Divider
DA:13,11
DA:16,11
DA:19,5
LF:3
LH:3
BRDA:12,0,0,11
BRDA:12,1,0,11
BRF:2
BRH:2
end_of_record
TN:
SF:/Users/mac/wednesday/buildops/react-graphql-template/app/components/EmployeeDetails/index.js
FN:24,EmployeeDetails
FN:33,(anonymous_1)
FN:44,(anonymous_2)
FN:51,(anonymous_3)
FN:55,(anonymous_4)
FN:64,(anonymous_5)
FN:139,(anonymous_6)
FNF:7
FNH:2
FNDA:2,EmployeeDetails
FNDA:0,(anonymous_1)
FNDA:0,(anonymous_2)
FNDA:2,(anonymous_3)
FNDA:0,(anonymous_4)
FNDA:0,(anonymous_5)
FNDA:0,(anonymous_6)
DA:33,2
DA:34,0
DA:44,2
DA:45,0
DA:51,2
DA:52,2
DA:56,0
DA:64,0
DA:68,2
DA:105,2
DA:110,2
DA:138,2
LF:12
LH:8
BRF:0
BRH:0
end_of_record
TN:
SF:/Users/mac/wednesday/buildops/react-graphql-template/app/components/For/index.js
FN:14,For
FN:22,(anonymous_1)
FN:23,(anonymous_2)
FN:24,(anonymous_3)
FNF:4
FNH:4
FNDA:18,For
FNDA:11,(anonymous_1)
FNDA:13,(anonymous_2)
FNDA:11,(anonymous_3)
DA:21,18
DA:22,18
DA:23,13
DA:24,18
DA:25,11
DA:27,18
DA:30,7
LF:7
LH:7
BRDA:16,0,0,18
BRDA:18,1,0,2
BRDA:19,2,0,18
BRDA:27,3,0,11
BRDA:27,3,1,7
BRDA:27,4,0,18
BRDA:27,4,1,4
BRF:7
BRH:7
end_of_record
TN:
SF:/Users/mac/wednesday/buildops/react-graphql-template/app/components/If/index.js
FN:9,If
FNF:1
FNH:1
FNDA:14,If
DA:10,14
DA:13,7
DA:24,7
LF:3
LH:3
BRDA:10,0,0,8
BRDA:10,0,1,6
BRF:2
BRH:2
end_of_record
TN:
SF:/Users/mac/wednesday/buildops/react-graphql-template/app/components/LabelledText/index.js
FN:16,LabelledText
FNF:1
FNH:1
FNDA:6,LabelledText
DA:17,6
DA:26,3
DA:32,3
LF:3
LH:3
BRDA:16,0,0,0
BRDA:16,1,0,0
BRF:2
BRH:0
end_of_record
TN:
SF:/Users/mac/wednesday/buildops/react-graphql-template/app/components/ProgressPlaceholder/index.js
FN:16,ProgressPlaceholder
FNF:1
FNH:1
FNDA:4,ProgressPlaceholder
DA:17,4
DA:29,3
DA:41,3
LF:3
LH:3
BRF:0
BRH:0
end_of_record
TN:
SF:/Users/mac/wednesday/buildops/react-graphql-template/app/components/SplashScreen/index.js
FN:22,(anonymous_0)
FN:23,(anonymous_1)
FNF:2
FNH:2
FNDA:2,(anonymous_0)
FNDA:1,(anonymous_1)
DA:8,2
DA:14,2
DA:22,2
DA:23,2
DA:24,1
DA:27,2
DA:34,2
LF:7
LH:7
BRF:0
BRH:0
end_of_record
TN:
SF:/Users/mac/wednesday/buildops/react-graphql-template/app/components/T/index.js
FN:15,(anonymous_0)
FNF:1
FNH:1
FNDA:18,(anonymous_0)
DA:15,8
DA:16,18
DA:22,18
DA:23,18
DA:30,8
LF:5
LH:5
BRDA:15,0,0,3
BRDA:15,1,0,3
BRDA:22,2,0,18
BRDA:22,2,1,10
BRF:4
BRH:4
end_of_record
TN:
SF:/Users/mac/wednesday/buildops/react-graphql-template/app/components/TextInput/index.js
FN:12,TextInput
FNF:1
FNH:1
FNDA:4,TextInput
DA:18,4
DA:24,4
DA:27,3
LF:3
LH:3
BRDA:13,0,0,4
BRDA:14,1,0,4
BRDA:15,2,0,3
BRF:3
BRH:3
end_of_record
TN:
SF:/Users/mac/wednesday/buildops/react-graphql-template/app/containers/EditEmployeeDetailsScreen/index.js
FN:26,EditEmployeeDetailsScreen
FN:38,(anonymous_1)
FN:50,(anonymous_2)
FN:51,(anonymous_3)
FN:58,(anonymous_4)
FN:63,(anonymous_5)
FN:68,(anonymous_6)
FN:73,(anonymous_7)
FN:78,(anonymous_8)
FN:85,(anonymous_9)
FN:90,(anonymous_10)
FN:109,(anonymous_11)
FN:114,(anonymous_12)
FN:142,(anonymous_13)
FN:199,mapDispatchToProps
FN:201,(anonymous_15)
FN:203,(anonymous_16)
FNF:17
FNH:1
FNDA:1,EditEmployeeDetailsScreen
FNDA:0,(anonymous_1)
FNDA:0,(anonymous_2)
FNDA:0,(anonymous_3)
FNDA:0,(anonymous_4)
FNDA:0,(anonymous_5)
FNDA:0,(anonymous_6)
FNDA:0,(anonymous_7)
FNDA:0,(anonymous_8)
FNDA:0,(anonymous_9)
FNDA:0,(anonymous_10)
FNDA:0,(anonymous_11)
FNDA:0,(anonymous_12)
FNDA:0,(anonymous_13)
FNDA:0,mapDispatchToProps
FNDA:0,(anonymous_15)
FNDA:0,(anonymous_16)
DA:36,1
DA:38,1
DA:39,0
DA:40,0
DA:42,0
DA:43,0
DA:44,0
DA:46,0
DA:48,0
DA:50,1
DA:51,0
DA:52,0
DA:53,0
DA:58,0
DA:63,0
DA:68,0
DA:73,0
DA:78,0
DA:85,1
DA:86,0
DA:90,0
DA:95,1
DA:109,0
DA:114,0
DA:144,0
DA:145,0
DA:147,0
DA:159,2
DA:187,2
DA:195,2
DA:200,0
DA:202,0
DA:204,0
DA:208,2
DA:212,2
LF:35
LH:10
BRDA:40,0,0,0
BRDA:40,0,1,0
BRDA:43,1,0,0
BRDA:43,1,1,0
BRDA:99,2,0,0
BRDA:99,2,1,1
BRDA:144,3,0,0
BRDA:144,3,1,0
BRDA:153,4,0,0
BRDA:153,4,1,1
BRF:10
BRH:2
end_of_record
TN:
SF:/Users/mac/wednesday/buildops/react-graphql-template/app/containers/EditEmployeeDetailsScreen/reducer.js
FN:25,(anonymous_0)
FN:29,(anonymous_1)
FNF:2
FNH:2
FNDA:28,(anonymous_0)
FNDA:28,(anonymous_1)
DA:10,16
DA:15,16
DA:25,16
DA:29,28
DA:30,28
DA:32,0
DA:34,0
DA:36,28
LF:8
LH:6
BRDA:26,0,0,19
BRDA:30,1,0,0
BRDA:30,1,1,0
BRDA:30,1,2,28
BRF:4
BRH:2
end_of_record
TN:
SF:/Users/mac/wednesday/buildops/react-graphql-template/app/containers/EditEmployeeDetailsScreen/saga.js
FN:11,createNewEmployee
FN:40,EditEmployeeDetailsScreenSaga
FNF:2
FNH:1
FNDA:0,createNewEmployee
FNDA:7,EditEmployeeDetailsScreenSaga
DA:9,14
DA:12,0
DA:18,0
DA:19,0
DA:20,0
DA:22,0
DA:30,0
DA:32,0
DA:41,7
LF:9
LH:2
BRDA:18,0,0,0
BRDA:18,0,1,0
BRF:2
BRH:0
end_of_record
TN:
SF:/Users/mac/wednesday/buildops/react-graphql-template/app/containers/EditEmployeeDetailsScreen/selectors.js
FN:8,(anonymous_0)
FN:19,(anonymous_1)
FN:20,(anonymous_2)
FNF:3
FNH:2
FNDA:1,(anonymous_0)
FNDA:2,(anonymous_1)
FNDA:0,(anonymous_2)
DA:8,3
DA:9,1
DA:19,3
DA:20,2
LF:4
LH:4
BRDA:9,0,0,1
BRDA:9,0,1,1
BRF:2
BRH:2
end_of_record
TN:
SF:/Users/mac/wednesday/buildops/react-graphql-template/app/containers/FileUploadScreen/index.js
FN:24,FileUploadScreen
FN:25,(anonymous_1)
FN:28,(anonymous_2)
FN:34,(anonymous_3)
FN:52,(anonymous_4)
FN:76,mapDispatchToProps
FN:78,(anonymous_6)
FNF:7
FNH:3
FNDA:1,FileUploadScreen
FNDA:1,(anonymous_1)
FNDA:1,(anonymous_2)
FNDA:0,(anonymous_3)
FNDA:0,(anonymous_4)
FNDA:0,mapDispatchToProps
FNDA:0,(anonymous_6)
DA:25,1
DA:26,1
DA:28,1
DA:29,1
DA:31,1
DA:34,1
DA:35,0
DA:36,0
DA:38,0
DA:40,1
DA:53,0
DA:66,2
DA:72,2
DA:77,0
DA:79,0
DA:83,2
DA:85,2
DA:91,2
LF:18
LH:12
BRDA:35,0,0,0
BRDA:35,0,1,0
BRDA:38,1,0,0
BRDA:38,1,1,0
BRDA:49,2,0,1
BRDA:49,2,1,1
BRF:6
BRH:2
end_of_record
TN:
SF:/Users/mac/wednesday/buildops/react-graphql-template/app/containers/FileUploadScreen/mockData.js
FNF:0
FNH:0
DA:2,14
LF:1
LH:1
BRF:0
BRH:0
end_of_record
TN:
SF:/Users/mac/wednesday/buildops/react-graphql-template/app/containers/FileUploadScreen/reducer.js
FN:24,(anonymous_0)
FN:25,(anonymous_1)
FNF:2
FNH:2
FNDA:28,(anonymous_0)
FNDA:28,(anonymous_1)
DA:10,16
DA:17,16
DA:24,16
DA:25,28
DA:26,28
DA:28,0
DA:32,0
DA:37,0
DA:42,28
LF:9
LH:6
BRDA:24,0,0,19
BRDA:26,1,0,0
BRDA:26,1,1,0
BRDA:26,1,2,0
BRDA:26,1,3,28
BRF:5
BRH:2
end_of_record
TN:
SF:/Users/mac/wednesday/buildops/react-graphql-template/app/containers/FileUploadScreen/saga.js
FN:9,uploadFileToS3
FN:21,fileUploadScreenSaga
FNF:2
FNH:1
FNDA:0,uploadFileToS3
FNDA:7,fileUploadScreenSaga
DA:7,14
DA:10,0
DA:14,0
DA:15,0
DA:17,0
DA:22,7
LF:6
LH:2
BRDA:14,0,0,0
BRDA:14,0,1,0
BRF:2
BRH:0
end_of_record
TN:
SF:/Users/mac/wednesday/buildops/react-graphql-template/app/containers/FileUploadScreen/selectors.js
FN:8,(anonymous_0)
FN:19,(anonymous_1)
FN:20,(anonymous_2)
FNF:3
FNH:2
FNDA:1,(anonymous_0)
FNDA:2,(anonymous_1)
FNDA:0,(anonymous_2)
DA:8,3
DA:9,1
DA:19,3
DA:20,2
LF:4
LH:4
BRDA:9,0,0,1
BRDA:9,0,1,0
BRF:2
BRH:1
end_of_record
TN:
SF:/Users/mac/wednesday/buildops/react-graphql-template/app/containers/HomeScreen/index.js
FN:27,HomeScreen
FN:33,(anonymous_1)
FN:36,(anonymous_2)
FN:39,(anonymous_3)
FN:39,(anonymous_4)
FN:42,(anonymous_5)
FN:102,(anonymous_6)
FN:103,(anonymous_7)
FN:108,(anonymous_8)
FNF:9
FNH:4
FNDA:2,HomeScreen
FNDA:2,(anonymous_1)
FNDA:0,(anonymous_2)
FNDA:2,(anonymous_3)
FNDA:0,(anonymous_4)
FNDA:0,(anonymous_5)
FNDA:0,(anonymous_6)
FNDA:0,(anonymous_7)
FNDA:2,(anonymous_8)
DA:33,2
DA:34,2
DA:36,2
DA:39,2
DA:40,0
DA:42,2
DA:43,0
DA:56,2
DA:80,2
DA:89,2
DA:96,2
DA:102,2
DA:103,0
DA:106,2
DA:108,2
DA:109,2
DA:111,2
LF:17
LH:14
BRF:0
BRH:0
end_of_record
TN:
SF:/Users/mac/wednesday/buildops/react-graphql-template/app/containers/HomeScreen/reducer.js
FN:21,(anonymous_0)
FN:27,(anonymous_1)
FN:36,(anonymous_2)
FN:37,(anonymous_3)
FNF:4
FNH:2
FNDA:0,(anonymous_0)
FNDA:0,(anonymous_1)
FNDA:27,(anonymous_2)
FNDA:27,(anonymous_3)
DA:8,17
DA:15,17
DA:21,17
DA:22,0
DA:27,17
DA:28,0
DA:36,17
DA:37,27
DA:38,27
DA:40,0
DA:42,0
DA:44,27
LF:12
LH:8
BRDA:36,0,0,19
BRDA:38,1,0,0
BRDA:38,1,1,0
BRDA:38,1,2,27
BRF:4
BRH:2
end_of_record
TN:
SF:/Users/mac/wednesday/buildops/react-graphql-template/app/containers/HomeScreen/saga.js
FN:6,fetchEmployeeData
FN:25,homeScreenSaga
FNF:2
FNH:1
FNDA:0,fetchEmployeeData
FNDA:7,homeScreenSaga
DA:7,0
DA:9,0
DA:14,0
DA:15,0
DA:17,0
DA:26,7
LF:6
LH:1
BRDA:9,0,0,0
BRDA:9,0,1,0
BRF:2
BRH:0
end_of_record
TN:
SF:/Users/mac/wednesday/buildops/react-graphql-template/app/containers/HomeScreen/selectors.js
FN:5,(anonymous_0)
FN:8,(anonymous_1)
FN:9,(anonymous_2)
FN:13,(anonymous_3)
FN:14,(anonymous_4)
FN:18,(anonymous_5)
FN:19,(anonymous_6)
FNF:7
FNH:7
FNDA:3,(anonymous_0)
FNDA:3,(anonymous_1)
FNDA:1,(anonymous_2)
FNDA:3,(anonymous_3)
FNDA:1,(anonymous_4)
FNDA:3,(anonymous_5)
FNDA:1,(anonymous_6)
DA:5,3
DA:6,3
DA:8,3
DA:9,3
DA:10,1
DA:13,3
DA:14,3
DA:15,1
DA:18,3
DA:19,3
DA:20,1
LF:11
LH:11
BRDA:6,0,0,3
BRDA:6,0,1,0
BRF:2
BRH:1
end_of_record
TN:
SF:/Users/mac/wednesday/buildops/react-graphql-template/app/containers/LanguageProvider/actions.js
FN:9,changeLocale
FNF:1
FNH:1
FNDA:1,changeLocale
DA:10,1
LF:1
LH:1
BRF:0
BRH:0
end_of_record
TN:
SF:/Users/mac/wednesday/buildops/react-graphql-template/app/containers/LanguageProvider/constants.js
FNF:0
FNH:0
DA:7,16
LF:1
LH:1
BRF:0
BRH:0
end_of_record
TN:
SF:/Users/mac/wednesday/buildops/react-graphql-template/app/containers/LanguageProvider/index.js
FN:17,LanguageProvider
FN:35,(anonymous_1)
FN:39,mapDispatchToProps
FNF:3
FNH:3
FNDA:7,LanguageProvider
FNDA:5,(anonymous_1)
FNDA:6,mapDispatchToProps
DA:18,7
DA:29,13
DA:35,13
DA:40,6
LF:4
LH:4
BRF:0
BRH:0
end_of_record
TN:
SF:/Users/mac/wednesday/buildops/react-graphql-template/app/containers/LanguageProvider/reducer.js
FN:16,(anonymous_0)
FN:17,(anonymous_1)
FNF:2
FNH:2
FNDA:2,(anonymous_0)
FNDA:2,(anonymous_1)
DA:11,15
DA:16,15
DA:17,2
DA:18,2
DA:20,1
DA:21,1
LF:6
LH:6
BRDA:16,0,0,2
BRDA:18,1,0,1
BRF:2
BRH:2
end_of_record
TN:
SF:/Users/mac/wednesday/buildops/react-graphql-template/app/containers/LanguageProvider/selectors.js
FN:7,(anonymous_0)
FN:13,(anonymous_1)
FN:14,(anonymous_2)
FNF:3
FNH:3
FNDA:8,(anonymous_0)
FNDA:13,(anonymous_1)
FNDA:5,(anonymous_2)
DA:7,14
DA:13,14
DA:14,13
LF:3
LH:3
BRDA:7,0,0,8
BRDA:7,0,1,7
BRF:2
BRH:2
end_of_record
TN:
SF:/Users/mac/wednesday/buildops/react-graphql-template/app/containers/RootScreen/index.js
FN:11,(anonymous_0)
FN:15,(anonymous_1)
FN:19,(anonymous_2)
FN:34,(anonymous_3)
FN:35,(anonymous_4)
FNF:5
FNH:5
FNDA:1,(anonymous_0)
FNDA:1,(anonymous_1)
FNDA:1,(anonymous_2)
FNDA:1,(anonymous_3)
FNDA:1,(anonymous_4)
DA:12,1
DA:15,1
DA:16,1
DA:20,1
DA:31,1
DA:34,1
DA:35,1
DA:38,1
LF:8
LH:8
BRF:0
BRH:0
end_of_record
TN:
SF:/Users/mac/wednesday/buildops/react-graphql-template/app/containers/RootScreen/reducer.js
FNF:0
FNH:0
DA:3,13
LF:1
LH:1
BRF:0
BRH:0
end_of_record
TN:
SF:/Users/mac/wednesday/buildops/react-graphql-template/app/containers/RootScreen/saga.js
FN:11,startup
FN:16,startUpSaga
FNF:2
FNH:2
FNDA:1,startup
FNDA:6,startUpSaga
DA:12,1
DA:13,0
DA:17,6
LF:3
LH:2
BRF:0
BRH:0
end_of_record
TN:
SF:/Users/mac/wednesday/buildops/react-graphql-template/app/graphql/mutations.js
FNF:0
FNH:0
DA:4,15
DA:18,15
DA:32,15
DA:46,15
DA:62,15
DA:78,15
DA:94,15
DA:106,15
DA:118,15
LF:9
LH:9
BRF:0
BRH:0
end_of_record
TN:
SF:/Users/mac/wednesday/buildops/react-graphql-template/app/graphql/queries.js
FNF:0
FNH:0
DA:4,15
DA:18,15
DA:33,15
DA:49,15
DA:67,15
DA:79,15
LF:6
LH:6
BRF:0
BRH:0
end_of_record
TN:
SF:/Users/mac/wednesday/buildops/react-graphql-template/app/navigators/AppNavigator.js
FN:34,(anonymous_0)
FN:40,(anonymous_1)
FN:45,(anonymous_2)
FNF:3
FNH:1
FNDA:1,(anonymous_0)
FNDA:0,(anonymous_1)
FNDA:0,(anonymous_2)
DA:16,1
DA:29,1
DA:35,1
DA:40,0
DA:45,0
LF:5
LH:3
BRF:0
BRH:0
end_of_record
TN:
SF:/Users/mac/wednesday/buildops/react-graphql-template/app/services/NavigationService.js
FN:18,setTopLevelNavigator
FN:28,navigate
FN:46,navigateAndReset
FN:61,toggleDrawer
FN:65,goBack
FNF:5
FNH:1
FNDA:2,setTopLevelNavigator
FNDA:0,navigate
FNDA:0,navigateAndReset
FNDA:0,toggleDrawer
FNDA:0,goBack
DA:19,2
DA:29,0
DA:47,0
DA:62,0
DA:66,0
LF:5
LH:1
BRF:0
BRH:0
end_of_record
TN:
SF:/Users/mac/wednesday/buildops/react-graphql-template/app/services/UserService.js
FN:5,(anonymous_0)
FN:6,(anonymous_1)
FN:10,(anonymous_2)
FN:13,(anonymous_3)
FN:15,(anonymous_4)
FN:17,(anonymous_5)
FNF:6
FNH:0
FNDA:0,(anonymous_0)
FNDA:0,(anonymous_1)
FNDA:0,(anonymous_2)
FNDA:0,(anonymous_3)
FNDA:0,(anonymous_4)
FNDA:0,(anonymous_5)
DA:5,15
DA:6,0
DA:10,15
DA:11,0
DA:13,0
DA:15,15
DA:16,0
DA:17,0
LF:8
LH:3
BRF:0
BRH:0
end_of_record
TN:
SF:/Users/mac/wednesday/buildops/react-graphql-template/app/themes/colors.js
FNF:0
FNH:0
LF:0
LH:0
BRF:0
BRH:0
end_of_record
TN:
SF:/Users/mac/wednesday/buildops/react-graphql-template/app/themes/fonts.js
FN:4,(anonymous_0)
FN:7,(anonymous_1)
FN:11,(anonymous_2)
FN:14,(anonymous_3)
FN:17,(anonymous_4)
FN:22,(anonymous_5)
FN:25,(anonymous_6)
FN:29,(anonymous_7)
FN:34,(anonymous_8)
FN:39,(anonymous_9)
FN:44,(anonymous_10)
FN:49,(anonymous_11)
FNF:12
FNH:11
FNDA:6,(anonymous_0)
FNDA:18,(anonymous_1)
FNDA:0,(anonymous_2)
FNDA:6,(anonymous_3)
FNDA:3,(anonymous_4)
FNDA:1,(anonymous_5)
FNDA:20,(anonymous_6)
FNDA:8,(anonymous_7)
FNDA:2,(anonymous_8)
FNDA:2,(anonymous_9)
FNDA:2,(anonymous_10)
FNDA:2,(anonymous_11)
DA:4,17
DA:7,18
DA:11,17
DA:14,17
DA:17,17
DA:22,17
DA:25,20
DA:29,17
DA:34,17
DA:39,17
DA:44,17
DA:49,17
LF:12
LH:12
BRF:0
BRH:0
end_of_record
TN:
SF:/Users/mac/wednesday/buildops/react-graphql-template/app/themes/images.js
FNF:0
FNH:0
LF:0
LH:0
BRF:0
BRH:0
end_of_record
TN:
SF:/Users/mac/wednesday/buildops/react-graphql-template/app/themes/index.js
FNF:0
FNH:0
LF:0
LH:0
BRF:0
BRH:0
end_of_record
TN:
SF:/Users/mac/wednesday/buildops/react-graphql-template/app/utils/createStore.js
FN:26,(anonymous_0)
FNF:1
FNH:1
FNDA:6,(anonymous_0)
DA:16,13
DA:27,6
DA:28,6
DA:31,6
DA:32,6
DA:34,6
DA:37,6
DA:39,6
DA:40,6
DA:43,6
DA:45,6
LF:11
LH:11
BRF:0
BRH:0
end_of_record
TN:
SF:/Users/mac/wednesday/buildops/react-graphql-template/app/utils/index.js
FN:3,(anonymous_0)
FN:7,(anonymous_1)
FN:7,(anonymous_2)
FN:9,(anonymous_3)
FN:19,(anonymous_4)
FNF:5
FNH:4
FNDA:0,(anonymous_0)
FNDA:1,(anonymous_1)
FNDA:1,(anonymous_2)
FNDA:21,(anonymous_3)
FNDA:18,(anonymous_4)
DA:3,15
DA:4,0
DA:7,15
DA:9,21
DA:19,18
DA:28,15
DA:35,15
LF:7
LH:6
BRF:0
BRH:0
end_of_record
TN:
SF:/Users/mac/wednesday/buildops/react-graphql-template/app/utils/mockResponse.js
FN:1,(anonymous_0)
FNF:1
FNH:1
FNDA:3,(anonymous_0)
DA:1,3
LF:1
LH:1
BRF:0
BRH:0
end_of_record
TN:
SF:/Users/mac/wednesday/buildops/react-graphql-template/app/utils/testUtils.js
FN:9,(anonymous_0)
FN:9,(anonymous_1)
FN:11,(anonymous_2)
FN:16,(anonymous_3)
FN:27,(anonymous_4)
FNF:5
FNH:2
FNDA:0,(anonymous_0)
FNDA:0,(anonymous_1)
FNDA:0,(anonymous_2)
FNDA:4,(anonymous_3)
FNDA:15,(anonymous_4)
DA:9,11
DA:11,11
DA:16,11
DA:17,4
DA:18,4
DA:27,11
DA:28,15
LF:7
LH:7
BRF:0
BRH:0
end_of_record
